{
  "src/app.ts": {
    "path": "src/app.ts",
    "statementMap": {
      "0": {
        "start": { "line": 4, "column": 0 },
        "end": { "line": 4, "column": 40 }
      }
    },
    "s": { "0": 1 }
  },
  "src/runtime.ts": {
    "path": "src/runtime.ts",
    "statementMap": {
      "0": {
        "start": { "line": 1, "column": 0 },
        "end": { "line": 1, "column": 24 }
      }
    },
    "s": { "0": 0 }
  },
  "src/runtime.test.ts": {
    "path": "src/runtime.test.ts",
    "statementMap": {
      "0": {
        "start": { "line": 3, "column": 0 },
        "end": { "line": 3, "column": 30 }
      }
    },
    "s": { "0": 1 }
  },
  "src/broken.spec.gen.ts": {
    "path": "src/broken.spec.gen.ts",
    "statementMap": {
      "0": {
        "start": { "line": 1, "column": 0 },
        "end": { "line": 1, "column": 29 }
      }
    },
    "s": { "0": 1 }
  }
}
